  Executive.cpp
  XmlParser.cpp
  XmlElement.cpp
  XMLTokenizer.cpp
  xmlElementParts.cpp
  XmlDocument.cpp
  Utilities.cpp
  TypeAnal.cpp
  Tokenizer.cpp
  SemiExp.cpp
  ScopeStack.cpp
  Parser.cpp
  ConfigureParser.cpp
  ActionsAndRules.cpp
  Logger.cpp
  GrammarHelpers.cpp
  FileSystem.cpp
  FileMgr.cpp
  Display.cpp
  DepAnal.cpp
  Generating Code...
  Compiling...
  AbstrSynTree.cpp
  Generating Code...
  Executive.vcxproj -> C:\Users\lenovo\Desktop\ood check\project4\CodeAnalyzerEx\x64\Debug\CodeAnalyzer.lib
