c:\users\lenovo\desktop\ood check\project4\codeanalyzerex\mockchannel\debug\vc140.pdb
c:\users\lenovo\desktop\ood check\project4\codeanalyzerex\mockchannel\debug\vc140.idb
c:\users\lenovo\desktop\ood check\project4\codeanalyzerex\mockchannel\debug\cpp11-blockingqueue.obj
c:\users\lenovo\desktop\ood check\project4\codeanalyzerex\mockchannel\debug\filesystem.obj
c:\users\lenovo\desktop\ood check\project4\codeanalyzerex\mockchannel\debug\httpmessage.obj
c:\users\lenovo\desktop\ood check\project4\codeanalyzerex\mockchannel\debug\logger.obj
c:\users\lenovo\desktop\ood check\project4\codeanalyzerex\mockchannel\debug\sockets.obj
c:\users\lenovo\desktop\ood check\project4\codeanalyzerex\mockchannel\debug\utilities.obj
c:\users\lenovo\desktop\ood check\project4\codeanalyzerex\mockchannel\debug\mockchannel.obj
c:\users\lenovo\desktop\ood check\project4\codeanalyzerex\debug\mockchannel.ilk
c:\users\lenovo\desktop\ood check\project4\codeanalyzerex\debug\mockchannel.dll
c:\users\lenovo\desktop\ood check\project4\codeanalyzerex\debug\mockchannel.pdb
c:\users\lenovo\desktop\ood check\project4\codeanalyzerex\debug\mockchannel.lib
c:\users\lenovo\desktop\ood check\project4\codeanalyzerex\debug\mockchannel.exp
c:\users\lenovo\desktop\ood check\project4\codeanalyzerex\mockchannel\debug\mockchannel.tlog\cl.command.1.tlog
c:\users\lenovo\desktop\ood check\project4\codeanalyzerex\mockchannel\debug\mockchannel.tlog\cl.read.1.tlog
c:\users\lenovo\desktop\ood check\project4\codeanalyzerex\mockchannel\debug\mockchannel.tlog\cl.write.1.tlog
c:\users\lenovo\desktop\ood check\project4\codeanalyzerex\mockchannel\debug\mockchannel.tlog\link.command.1.tlog
c:\users\lenovo\desktop\ood check\project4\codeanalyzerex\mockchannel\debug\mockchannel.tlog\link.read.1.tlog
c:\users\lenovo\desktop\ood check\project4\codeanalyzerex\mockchannel\debug\mockchannel.tlog\link.write.1.tlog
c:\users\lenovo\desktop\ood check\project4\codeanalyzerex\mockchannel\debug\mockchannel.tlog\mockchannel.write.1u.tlog
